<?xml version="1.0" encoding="UTF-8"?>
<testng-results skipped="0" failed="0" total="1" passed="1">
  <reporter-output>
  </reporter-output>
  <suite name="Default suite" duration-ms="76864" started-at="2021-07-14T17:23:28Z" finished-at="2021-07-14T17:24:45Z">
    <groups>
    </groups>
    <test name="Default test" duration-ms="76864" started-at="2021-07-14T17:23:28Z" finished-at="2021-07-14T17:24:45Z">
      <class name="FrameWorkImplemention.AfterLogin_SellerPageTestNG">
        <test-method status="PASS" signature="setUpTest()[pri:0, instance:FrameWorkImplemention.AfterLogin_SellerPageTestNG@1a407d53]" name="setUpTest" is-config="true" duration-ms="19764" started-at="2021-07-14T23:23:28Z" finished-at="2021-07-14T23:23:48Z">
          <reporter-output>
          </reporter-output>
        </test-method> <!-- setUpTest -->
        <test-method status="PASS" signature="stepone()[pri:0, instance:FrameWorkImplemention.AfterLogin_SellerPageTestNG@1a407d53]" name="stepone" duration-ms="56306" started-at="2021-07-14T23:23:48Z" finished-at="2021-07-14T23:24:44Z">
          <reporter-output>
          </reporter-output>
        </test-method> <!-- stepone -->
        <test-method status="PASS" signature="tearDown()[pri:0, instance:FrameWorkImplemention.AfterLogin_SellerPageTestNG@1a407d53]" name="tearDown" is-config="true" duration-ms="775" started-at="2021-07-14T23:24:44Z" finished-at="2021-07-14T23:24:45Z">
          <reporter-output>
          </reporter-output>
        </test-method> <!-- tearDown -->
      </class> <!-- FrameWorkImplemention.AfterLogin_SellerPageTestNG -->
    </test> <!-- Default test -->
  </suite> <!-- Default suite -->
</testng-results>
